<?xml version="1.0" encoding="UTF-8"?>
<testsuite errors="0" failures="0" hostname="10-40-f3-a8-fd-60.connectify" name="com.thoughtworks.AppTest" tests="1" time="0.044" timestamp="2012-11-20T14:23:44">
  <properties />
  <testcase classname="com.thoughtworks.AppTest" name="testApp" time="0.001" />
  <system-out><![CDATA[]]></system-out>
  <system-err><![CDATA[]]></system-err>
</testsuite>
